Failed to send message to Kafka.
org.apache.kafka.common.errors.SerializationException: Error serializing Avro message
Caused by: java.net.SocketException: Connection reset
	at java.net.SocketInputStream.read(SocketInputStream.java:210) ~[?:1.8.0_292]
	at java.net.SocketInputStream.read(SocketInputStream.java:141) ~[?:1.8.0_292]
	at java.io.BufferedInputStream.fill(BufferedInputStream.java:246) ~[?:1.8.0_292]
	at java.io.BufferedInputStream.read1(BufferedInputStream.java:286) ~[?:1.8.0_292]
	at java.io.BufferedInputStream.read(BufferedInputStream.java:345) ~[?:1.8.0_292]
	at sun.net.www.http.HttpClient.parseHTTPHeader(HttpClient.java:735) ~[?:1.8.0_292]
	at sun.net.www.http.HttpClient.parseHTTP(HttpClient.java:678) ~[?:1.8.0_292]
	at sun.net.www.http.HttpClient.parseHTTP(HttpClient.java:706) ~[?:1.8.0_292]
	at sun.net.www.protocol.http.HttpURLConnection.getInputStream0(HttpURLConnection.java:1593) ~[?:1.8.0_292]
	at sun.net.www.protocol.http.HttpURLConnection.getInputStream(HttpURLConnection.java:1498) ~[?:1.8.0_292]
	at java.net.HttpURLConnection.getResponseCode(HttpURLConnection.java:480) ~[?:1.8.0_292]
	at io.confluent.kafka.schemaregistry.client.rest.RestService.sendHttpRequest(RestService.java:191) ~[kafka-schema-registry-client-5.1.2.jar:?]
	at io.confluent.kafka.schemaregistry.client.rest.RestService.httpRequest(RestService.java:235) ~[kafka-schema-registry-client-5.1.2.jar:?]
	at io.confluent.kafka.schemaregistry.client.rest.RestService.registerSchema(RestService.java:326) ~[kafka-schema-registry-client-5.1.2.jar:?]
	at io.confluent.kafka.schemaregistry.client.rest.RestService.registerSchema(RestService.java:318) ~[kafka-schema-registry-client-5.1.2.jar:?]
	at io.confluent.kafka.schemaregistry.client.rest.RestService.registerSchema(RestService.java:313) ~[kafka-schema-registry-client-5.1.2.jar:?]
	at io.confluent.kafka.schemaregistry.client.CachedSchemaRegistryClient.registerAndGetId(CachedSchemaRegistryClient.java:118) ~[kafka-schema-registry-client-5.1.2.jar:?]
	at io.confluent.kafka.schemaregistry.client.CachedSchemaRegistryClient.register(CachedSchemaRegistryClient.java:155) ~[kafka-schema-registry-client-5.1.2.jar:?]
	at io.confluent.kafka.serializers.AbstractKafkaAvroSerializer.serializeImpl(AbstractKafkaAvroSerializer.java:79) ~[kafka-avro-serializer-5.1.2.jar:?]
	at io.confluent.kafka.serializers.KafkaAvroSerializer.serialize(KafkaAvroSerializer.java:53) ~[kafka-avro-serializer-5.1.2.jar:?]
	at org.apache.kafka.common.serialization.Serializer.serialize(Serializer.java:60) ~[kafka-clients-2.1.1.jar:?]
	at org.apache.kafka.clients.producer.KafkaProducer.doSend(KafkaProducer.java:877) ~[kafka-clients-2.1.1.jar:?]
	at org.apache.kafka.clients.producer.KafkaProducer.send(KafkaProducer.java:839) ~[kafka-clients-2.1.1.jar:?]
	at com.zaplabs.kafka.MdpKafkaProducer.asyncPublish(MdpKafkaProducer.scala:48) ~[classes/:?]
	at com.zaplabs.kafka.KafkaHelper$.sendMessageToKafkaSecondaryUpdates(KafkaHelper.scala:57) ~[classes/:?]
	at com.zaplabs.OpenHomesProcessorMdp$.$anonfun$sendBatchToKafka$1(OpenHomesProcessorMdp.scala:89) ~[classes/:?]
	at scala.util.Try$.apply(Try.scala:213) ~[scala-library-2.12.12.jar:?]
	at com.zaplabs.OpenHomesProcessorMdp$.sendBatchToKafka(OpenHomesProcessorMdp.scala:77) ~[classes/:?]
	at com.zaplabs.OpenHomesProcessorMdp$.$anonfun$processPartition$3(OpenHomesProcessorMdp.scala:59) ~[classes/:?]
	at com.zaplabs.OpenHomesProcessorMdp$.$anonfun$processPartition$3$adapted(OpenHomesProcessorMdp.scala:45) ~[classes/:?]
	at scala.collection.Iterator.foreach(Iterator.scala:943) ~[scala-library-2.12.12.jar:?]
	at scala.collection.Iterator.foreach$(Iterator.scala:943) ~[scala-library-2.12.12.jar:?]
	at scala.collection.AbstractIterator.foreach(Iterator.scala:1431) ~[scala-library-2.12.12.jar:?]
	at com.zaplabs.OpenHomesProcessorMdp$.$anonfun$processPartition$1(OpenHomesProcessorMdp.scala:45) ~[classes/:?]
	at com.zaplabs.OpenHomesProcessorMdp$.$anonfun$processPartition$1$adapted(OpenHomesProcessorMdp.scala:23) ~[classes/:?]
